#
# There is insufficient memory for the Java Runtime Environment to continue.
# Native memory allocation (malloc) failed to allocate 1617456 bytes for Chunk::new
# Possible reasons:
#   The system is out of physical RAM or swap space
#   The process is running with CompressedOops enabled, and the Java Heap may be blocking the growth of the native heap
# Possible solutions:
#   Reduce memory load on the system
#   Increase physical memory or swap space
#   Check if swap backing store is full
#   Decrease Java heap size (-Xmx/-Xms)
#   Decrease number of Java threads
#   Decrease Java thread stack sizes (-Xss)
#   Set larger code cache with -XX:ReservedCodeCacheSize=
#   JVM is running with Unscaled Compressed Oops mode in which the Java heap is
#     placed in the first 4GB address space. The Java Heap base address is the
#     maximum limit for the native heap growth. Please use -XX:HeapBaseMinAddress
#     to set the Java Heap base and to place the Java Heap above 4GB virtual address.
# This output file may be truncated or incomplete.
#
#  Out of Memory Error (./open/src/hotspot/share/memory/arena.cpp:195), pid=22388, tid=3964
#
# JRE version: OpenJDK Runtime Environment (14.0.2+12) (build 14.0.2+12-46)
# Java VM: OpenJDK 64-Bit Server VM (14.0.2+12-46, mixed mode, tiered, compressed oops, g1 gc, windows-amd64)
# No core dump will be written. Minidumps are not enabled by default on client versions of Windows
#

---------------  S U M M A R Y ------------

Command Line: --module-path=C:\Users\julie\Downloads\openjfx-11.0.2_windows-x64_bin-sdk\javafx-sdk-11.0.2\lib --add-modules=javafx.controls,javafx.fxml -Dfile.encoding=Cp1252 -XX:+ShowCodeDetailsInExceptionMessages commandLine.testJavaFX

Host: Intel(R) Core(TM) i7-7700HQ CPU @ 2.80GHz, 8 cores, 7G,  Windows 10 , 64 bit Build 19041 (10.0.19041.928)
Time: Wed Apr 28 01:10:50 2021 Paris, Madrid (heure d’été) elapsed time: 0 seconds (0d 0h 0m 0s)

---------------  T H R E A D  ---------------

Current thread (0x0000021d9ac5d800):  JavaThread "C2 CompilerThread1" daemon [_thread_in_native, id=3964, stack(0x000000931e200000,0x000000931e300000)]


Current CompileTask:
C2:    499  314       4       java.util.stream.ReferencePipeline$3$1::accept (23 bytes)

Stack: [0x000000931e200000,0x000000931e300000]
Native frames: (J=compiled Java code, j=interpreted, Vv=VM code, C=native code)
V  [jvm.dll+0x5f8a9a]
V  [jvm.dll+0x74247a]
V  [jvm.dll+0x743c2f]
V  [jvm.dll+0x744273]
V  [jvm.dll+0x20d288]
V  [jvm.dll+0xabb07]
V  [jvm.dll+0xac1fc]
V  [jvm.dll+0x31c438]
V  [jvm.dll+0x2e6b38]
V  [jvm.dll+0x2e5f3a]
V  [jvm.dll+0x1e5e16]
V  [jvm.dll+0x1e50b8]
V  [jvm.dll+0x1779cc]
V  [jvm.dll+0x1f4105]
V  [jvm.dll+0x1f22eb]
V  [jvm.dll+0x7070cd]
V  [jvm.dll+0x6ffeda]
V  [jvm.dll+0x5f78f6]
C  [ucrtbase.dll+0x21bb2]
C  [KERNEL32.DLL+0x17034]
C  [ntdll.dll+0x52651]


---------------  P R O C E S S  ---------------

Threads class SMR info:
_java_thread_list=0x0000021d9b4a4fd0, length=12, elements={
0x0000021dfdc32800, 0x0000021d9aa17800, 0x0000021d9aa20800, 0x0000021d9aa5a800,
0x0000021d9aa5d800, 0x0000021d9aa5f800, 0x0000021d9aa43800, 0x0000021d9aa6a000,
0x0000021d9aad0000, 0x0000021d9ab74800, 0x0000021d9ac5d800, 0x0000021d9b2d8000
}

Java Threads: ( => current thread )
  0x0000021dfdc32800 JavaThread "main" [_thread_in_native, id=9156, stack(0x000000931d200000,0x000000931d300000)]
  0x0000021d9aa17800 JavaThread "Reference Handler" daemon [_thread_blocked, id=13336, stack(0x000000931d900000,0x000000931da00000)]
  0x0000021d9aa20800 JavaThread "Finalizer" daemon [_thread_blocked, id=23348, stack(0x000000931da00000,0x000000931db00000)]
  0x0000021d9aa5a800 JavaThread "Signal Dispatcher" daemon [_thread_blocked, id=13284, stack(0x000000931db00000,0x000000931dc00000)]
  0x0000021d9aa5d800 JavaThread "Attach Listener" daemon [_thread_blocked, id=20960, stack(0x000000931dc00000,0x000000931dd00000)]
  0x0000021d9aa5f800 JavaThread "Service Thread" daemon [_thread_blocked, id=6376, stack(0x000000931dd00000,0x000000931de00000)]
  0x0000021d9aa43800 JavaThread "C2 CompilerThread0" daemon [_thread_blocked, id=20232, stack(0x000000931de00000,0x000000931df00000)]
  0x0000021d9aa6a000 JavaThread "C1 CompilerThread0" daemon [_thread_blocked, id=21588, stack(0x000000931df00000,0x000000931e000000)]
  0x0000021d9aad0000 JavaThread "Sweeper thread" daemon [_thread_blocked, id=24280, stack(0x000000931e000000,0x000000931e100000)]
  0x0000021d9ab74800 JavaThread "Common-Cleaner" daemon [_thread_blocked, id=7120, stack(0x000000931e100000,0x000000931e200000)]
=>0x0000021d9ac5d800 JavaThread "C2 CompilerThread1" daemon [_thread_in_native, id=3964, stack(0x000000931e200000,0x000000931e300000)]
  0x0000021d9b2d8000 JavaThread "Notification Thread" daemon [_thread_blocked, id=13036, stack(0x000000931e300000,0x000000931e400000)]

Other Threads:
  0x0000021d9aa03800 VMThread "VM Thread" [stack: 0x000000931d800000,0x000000931d900000] [id=11072]
  0x0000021d9b4d9800 WatcherThread [stack: 0x000000931e400000,0x000000931e500000] [id=18800]
  0x0000021dfdc76000 GCTaskThread "GC Thread#0" [stack: 0x000000931d300000,0x000000931d400000] [id=25504]
  0x0000021dfdc89000 ConcurrentGCThread "G1 Main Marker" [stack: 0x000000931d400000,0x000000931d500000] [id=15192]
  0x0000021dfdc8a000 ConcurrentGCThread "G1 Conc#0" [stack: 0x000000931d500000,0x000000931d600000] [id=12700]
  0x0000021d9a023800 ConcurrentGCThread "G1 Refine#0" [stack: 0x000000931d600000,0x000000931d700000] [id=1660]
  0x0000021d9a028800 ConcurrentGCThread "G1 Young RemSet Sampling" [stack: 0x000000931d700000,0x000000931d800000] [id=10064]

Threads with active compile tasks:
C2 CompilerThread1      553  314       4       java.util.stream.ReferencePipeline$3$1::accept (23 bytes)

VM state:not at safepoint (normal execution)

VM Mutex/Monitor currently owned by a thread: None

Heap address: 0x0000000082000000, size: 2016 MB, Compressed Oops mode: 32-bit
Narrow klass base: 0x0000000000000000, Narrow klass shift: 3
Compressed class space size: 1073741824 Address: 0x0000000100000000

Heap:
 garbage-first heap   total 129024K, used 8192K [0x0000000082000000, 0x0000000100000000)
  region size 1024K, 9 young (9216K), 0 survivors (0K)
 Metaspace       used 7687K, capacity 7885K, committed 8064K, reserved 1056768K
  class space    used 733K, capacity 807K, committed 896K, reserved 1048576K
Heap Regions: E=young(eden), S=young(survivor), O=old, HS=humongous(starts), HC=humongous(continues), CS=collection set, F=free, OA=open archive, CA=closed archive, TAMS=top-at-mark-start (previous, next)
|   0|0x0000000082000000, 0x0000000082000000, 0x0000000082100000|  0%| F|  |TAMS 0x0000000082000000, 0x0000000082000000| Untracked 
|   1|0x0000000082100000, 0x0000000082100000, 0x0000000082200000|  0%| F|  |TAMS 0x0000000082100000, 0x0000000082100000| Untracked 
|   2|0x0000000082200000, 0x0000000082200000, 0x0000000082300000|  0%| F|  |TAMS 0x0000000082200000, 0x0000000082200000| Untracked 
|   3|0x0000000082300000, 0x0000000082300000, 0x0000000082400000|  0%| F|  |TAMS 0x0000000082300000, 0x0000000082300000| Untracked 
|   4|0x0000000082400000, 0x0000000082400000, 0x0000000082500000|  0%| F|  |TAMS 0x0000000082400000, 0x0000000082400000| Untracked 
|   5|0x0000000082500000, 0x0000000082500000, 0x0000000082600000|  0%| F|  |TAMS 0x0000000082500000, 0x0000000082500000| Untracked 
|   6|0x0000000082600000, 0x0000000082600000, 0x0000000082700000|  0%| F|  |TAMS 0x0000000082600000, 0x0000000082600000| Untracked 
|   7|0x0000000082700000, 0x0000000082700000, 0x0000000082800000|  0%| F|  |TAMS 0x0000000082700000, 0x0000000082700000| Untracked 
|   8|0x0000000082800000, 0x0000000082800000, 0x0000000082900000|  0%| F|  |TAMS 0x0000000082800000, 0x0000000082800000| Untracked 
|   9|0x0000000082900000, 0x0000000082900000, 0x0000000082a00000|  0%| F|  |TAMS 0x0000000082900000, 0x0000000082900000| Untracked 
|  10|0x0000000082a00000, 0x0000000082a00000, 0x0000000082b00000|  0%| F|  |TAMS 0x0000000082a00000, 0x0000000082a00000| Untracked 
|  11|0x0000000082b00000, 0x0000000082b00000, 0x0000000082c00000|  0%| F|  |TAMS 0x0000000082b00000, 0x0000000082b00000| Untracked 
|  12|0x0000000082c00000, 0x0000000082c00000, 0x0000000082d00000|  0%| F|  |TAMS 0x0000000082c00000, 0x0000000082c00000| Untracked 
|  13|0x0000000082d00000, 0x0000000082d00000, 0x0000000082e00000|  0%| F|  |TAMS 0x0000000082d00000, 0x0000000082d00000| Untracked 
|  14|0x0000000082e00000, 0x0000000082e00000, 0x0000000082f00000|  0%| F|  |TAMS 0x0000000082e00000, 0x0000000082e00000| Untracked 
|  15|0x0000000082f00000, 0x0000000082f00000, 0x0000000083000000|  0%| F|  |TAMS 0x0000000082f00000, 0x0000000082f00000| Untracked 
|  16|0x0000000083000000, 0x0000000083000000, 0x0000000083100000|  0%| F|  |TAMS 0x0000000083000000, 0x0000000083000000| Untracked 
|  17|0x0000000083100000, 0x0000000083100000, 0x0000000083200000|  0%| F|  |TAMS 0x0000000083100000, 0x0000000083100000| Untracked 
|  18|0x0000000083200000, 0x0000000083200000, 0x0000000083300000|  0%| F|  |TAMS 0x0000000083200000, 0x0000000083200000| Untracked 
|  19|0x0000000083300000, 0x0000000083300000, 0x0000000083400000|  0%| F|  |TAMS 0x0000000083300000, 0x0000000083300000| Untracked 
|  20|0x0000000083400000, 0x0000000083400000, 0x0000000083500000|  0%| F|  |TAMS 0x0000000083400000, 0x0000000083400000| Untracked 
|  21|0x0000000083500000, 0x0000000083500000, 0x0000000083600000|  0%| F|  |TAMS 0x0000000083500000, 0x0000000083500000| Untracked 
|  22|0x0000000083600000, 0x0000000083600000, 0x0000000083700000|  0%| F|  |TAMS 0x0000000083600000, 0x0000000083600000| Untracked 
|  23|0x0000000083700000, 0x0000000083700000, 0x0000000083800000|  0%| F|  |TAMS 0x0000000083700000, 0x0000000083700000| Untracked 
|  24|0x0000000083800000, 0x0000000083800000, 0x0000000083900000|  0%| F|  |TAMS 0x0000000083800000, 0x0000000083800000| Untracked 
|  25|0x0000000083900000, 0x0000000083900000, 0x0000000083a00000|  0%| F|  |TAMS 0x0000000083900000, 0x0000000083900000| Untracked 
|  26|0x0000000083a00000, 0x0000000083a00000, 0x0000000083b00000|  0%| F|  |TAMS 0x0000000083a00000, 0x0000000083a00000| Untracked 
|  27|0x0000000083b00000, 0x0000000083b00000, 0x0000000083c00000|  0%| F|  |TAMS 0x0000000083b00000, 0x0000000083b00000| Untracked 
|  28|0x0000000083c00000, 0x0000000083c00000, 0x0000000083d00000|  0%| F|  |TAMS 0x0000000083c00000, 0x0000000083c00000| Untracked 
|  29|0x0000000083d00000, 0x0000000083d00000, 0x0000000083e00000|  0%| F|  |TAMS 0x0000000083d00000, 0x0000000083d00000| Untracked 
|  30|0x0000000083e00000, 0x0000000083e00000, 0x0000000083f00000|  0%| F|  |TAMS 0x0000000083e00000, 0x0000000083e00000| Untracked 
|  31|0x0000000083f00000, 0x0000000083f00000, 0x0000000084000000|  0%| F|  |TAMS 0x0000000083f00000, 0x0000000083f00000| Untracked 
|  32|0x0000000084000000, 0x0000000084000000, 0x0000000084100000|  0%| F|  |TAMS 0x0000000084000000, 0x0000000084000000| Untracked 
|  33|0x0000000084100000, 0x0000000084100000, 0x0000000084200000|  0%| F|  |TAMS 0x0000000084100000, 0x0000000084100000| Untracked 
|  34|0x0000000084200000, 0x0000000084200000, 0x0000000084300000|  0%| F|  |TAMS 0x0000000084200000, 0x0000000084200000| Untracked 
|  35|0x0000000084300000, 0x0000000084300000, 0x0000000084400000|  0%| F|  |TAMS 0x0000000084300000, 0x0000000084300000| Untracked 
|  36|0x0000000084400000, 0x0000000084400000, 0x0000000084500000|  0%| F|  |TAMS 0x0000000084400000, 0x0000000084400000| Untracked 
|  37|0x0000000084500000, 0x0000000084500000, 0x0000000084600000|  0%| F|  |TAMS 0x0000000084500000, 0x0000000084500000| Untracked 
|  38|0x0000000084600000, 0x0000000084600000, 0x0000000084700000|  0%| F|  |TAMS 0x0000000084600000, 0x0000000084600000| Untracked 
|  39|0x0000000084700000, 0x0000000084700000, 0x0000000084800000|  0%| F|  |TAMS 0x0000000084700000, 0x0000000084700000| Untracked 
|  40|0x0000000084800000, 0x0000000084800000, 0x0000000084900000|  0%| F|  |TAMS 0x0000000084800000, 0x0000000084800000| Untracked 
|  41|0x0000000084900000, 0x0000000084900000, 0x0000000084a00000|  0%| F|  |TAMS 0x0000000084900000, 0x0000000084900000| Untracked 
|  42|0x0000000084a00000, 0x0000000084a00000, 0x0000000084b00000|  0%| F|  |TAMS 0x0000000084a00000, 0x0000000084a00000| Untracked 
|  43|0x0000000084b00000, 0x0000000084b00000, 0x0000000084c00000|  0%| F|  |TAMS 0x0000000084b00000, 0x0000000084b00000| Untracked 
|  44|0x0000000084c00000, 0x0000000084c00000, 0x0000000084d00000|  0%| F|  |TAMS 0x0000000084c00000, 0x0000000084c00000| Untracked 
|  45|0x0000000084d00000, 0x0000000084d00000, 0x0000000084e00000|  0%| F|  |TAMS 0x0000000084d00000, 0x0000000084d00000| Untracked 
|  46|0x0000000084e00000, 0x0000000084e00000, 0x0000000084f00000|  0%| F|  |TAMS 0x0000000084e00000, 0x0000000084e00000| Untracked 
|  47|0x0000000084f00000, 0x0000000084f00000, 0x0000000085000000|  0%| F|  |TAMS 0x0000000084f00000, 0x0000000084f00000| Untracked 
|  48|0x0000000085000000, 0x0000000085000000, 0x0000000085100000|  0%| F|  |TAMS 0x0000000085000000, 0x0000000085000000| Untracked 
|  49|0x0000000085100000, 0x0000000085100000, 0x0000000085200000|  0%| F|  |TAMS 0x0000000085100000, 0x0000000085100000| Untracked 
|  50|0x0000000085200000, 0x0000000085200000, 0x0000000085300000|  0%| F|  |TAMS 0x0000000085200000, 0x0000000085200000| Untracked 
|  51|0x0000000085300000, 0x0000000085300000, 0x0000000085400000|  0%| F|  |TAMS 0x0000000085300000, 0x0000000085300000| Untracked 
|  52|0x0000000085400000, 0x0000000085400000, 0x0000000085500000|  0%| F|  |TAMS 0x0000000085400000, 0x0000000085400000| Untracked 
|  53|0x0000000085500000, 0x0000000085500000, 0x0000000085600000|  0%| F|  |TAMS 0x0000000085500000, 0x0000000085500000| Untracked 
|  54|0x0000000085600000, 0x0000000085600000, 0x0000000085700000|  0%| F|  |TAMS 0x0000000085600000, 0x0000000085600000| Untracked 
|  55|0x0000000085700000, 0x0000000085700000, 0x0000000085800000|  0%| F|  |TAMS 0x0000000085700000, 0x0000000085700000| Untracked 
|  56|0x0000000085800000, 0x0000000085800000, 0x0000000085900000|  0%| F|  |TAMS 0x0000000085800000, 0x0000000085800000| Untracked 
|  57|0x0000000085900000, 0x0000000085900000, 0x0000000085a00000|  0%| F|  |TAMS 0x0000000085900000, 0x0000000085900000| Untracked 
|  58|0x0000000085a00000, 0x0000000085a00000, 0x0000000085b00000|  0%| F|  |TAMS 0x0000000085a00000, 0x0000000085a00000| Untracked 
|  59|0x0000000085b00000, 0x0000000085b00000, 0x0000000085c00000|  0%| F|  |TAMS 0x0000000085b00000, 0x0000000085b00000| Untracked 
|  60|0x0000000085c00000, 0x0000000085c00000, 0x0000000085d00000|  0%| F|  |TAMS 0x0000000085c00000, 0x0000000085c00000| Untracked 
|  61|0x0000000085d00000, 0x0000000085d00000, 0x0000000085e00000|  0%| F|  |TAMS 0x0000000085d00000, 0x0000000085d00000| Untracked 
|  62|0x0000000085e00000, 0x0000000085e00000, 0x0000000085f00000|  0%| F|  |TAMS 0x0000000085e00000, 0x0000000085e00000| Untracked 
|  63|0x0000000085f00000, 0x0000000085f00000, 0x0000000086000000|  0%| F|  |TAMS 0x0000000085f00000, 0x0000000085f00000| Untracked 
|  64|0x0000000086000000, 0x0000000086000000, 0x0000000086100000|  0%| F|  |TAMS 0x0000000086000000, 0x0000000086000000| Untracked 
|  65|0x0000000086100000, 0x0000000086100000, 0x0000000086200000|  0%| F|  |TAMS 0x0000000086100000, 0x0000000086100000| Untracked 
|  66|0x0000000086200000, 0x0000000086200000, 0x0000000086300000|  0%| F|  |TAMS 0x0000000086200000, 0x0000000086200000| Untracked 
|  67|0x0000000086300000, 0x0000000086300000, 0x0000000086400000|  0%| F|  |TAMS 0x0000000086300000, 0x0000000086300000| Untracked 
|  68|0x0000000086400000, 0x0000000086400000, 0x0000000086500000|  0%| F|  |TAMS 0x0000000086400000, 0x0000000086400000| Untracked 
|  69|0x0000000086500000, 0x0000000086500000, 0x0000000086600000|  0%| F|  |TAMS 0x0000000086500000, 0x0000000086500000| Untracked 
|  70|0x0000000086600000, 0x0000000086600000, 0x0000000086700000|  0%| F|  |TAMS 0x0000000086600000, 0x0000000086600000| Untracked 
|  71|0x0000000086700000, 0x0000000086700000, 0x0000000086800000|  0%| F|  |TAMS 0x0000000086700000, 0x0000000086700000| Untracked 
|  72|0x0000000086800000, 0x0000000086800000, 0x0000000086900000|  0%| F|  |TAMS 0x0000000086800000, 0x0000000086800000| Untracked 
|  73|0x0000000086900000, 0x0000000086900000, 0x0000000086a00000|  0%| F|  |TAMS 0x0000000086900000, 0x0000000086900000| Untracked 
|  74|0x0000000086a00000, 0x0000000086a00000, 0x0000000086b00000|  0%| F|  |TAMS 0x0000000086a00000, 0x0000000086a00000| Untracked 
|  75|0x0000000086b00000, 0x0000000086b00000, 0x0000000086c00000|  0%| F|  |TAMS 0x0000000086b00000, 0x0000000086b00000| Untracked 
|  76|0x0000000086c00000, 0x0000000086c00000, 0x0000000086d00000|  0%| F|  |TAMS 0x0000000086c00000, 0x0000000086c00000| Untracked 
|  77|0x0000000086d00000, 0x0000000086d00000, 0x0000000086e00000|  0%| F|  |TAMS 0x0000000086d00000, 0x0000000086d00000| Untracked 
|  78|0x0000000086e00000, 0x0000000086e00000, 0x0000000086f00000|  0%| F|  |TAMS 0x0000000086e00000, 0x0000000086e00000| Untracked 
|  79|0x0000000086f00000, 0x0000000086f00000, 0x0000000087000000|  0%| F|  |TAMS 0x0000000086f00000, 0x0000000086f00000| Untracked 
|  80|0x0000000087000000, 0x0000000087000000, 0x0000000087100000|  0%| F|  |TAMS 0x0000000087000000, 0x0000000087000000| Untracked 
|  81|0x0000000087100000, 0x0000000087100000, 0x0000000087200000|  0%| F|  |TAMS 0x0000000087100000, 0x0000000087100000| Untracked 
|  82|0x0000000087200000, 0x0000000087200000, 0x0000000087300000|  0%| F|  |TAMS 0x0000000087200000, 0x0000000087200000| Untracked 
|  83|0x0000000087300000, 0x0000000087300000, 0x0000000087400000|  0%| F|  |TAMS 0x0000000087300000, 0x0000000087300000| Untracked 
|  84|0x0000000087400000, 0x0000000087400000, 0x0000000087500000|  0%| F|  |TAMS 0x0000000087400000, 0x0000000087400000| Untracked 
|  85|0x0000000087500000, 0x0000000087500000, 0x0000000087600000|  0%| F|  |TAMS 0x0000000087500000, 0x0000000087500000| Untracked 
|  86|0x0000000087600000, 0x0000000087600000, 0x0000000087700000|  0%| F|  |TAMS 0x0000000087600000, 0x0000000087600000| Untracked 
|  87|0x0000000087700000, 0x0000000087700000, 0x0000000087800000|  0%| F|  |TAMS 0x0000000087700000, 0x0000000087700000| Untracked 
|  88|0x0000000087800000, 0x0000000087800000, 0x0000000087900000|  0%| F|  |TAMS 0x0000000087800000, 0x0000000087800000| Untracked 
|  89|0x0000000087900000, 0x0000000087900000, 0x0000000087a00000|  0%| F|  |TAMS 0x0000000087900000, 0x0000000087900000| Untracked 
|  90|0x0000000087a00000, 0x0000000087a00000, 0x0000000087b00000|  0%| F|  |TAMS 0x0000000087a00000, 0x0000000087a00000| Untracked 
|  91|0x0000000087b00000, 0x0000000087b00000, 0x0000000087c00000|  0%| F|  |TAMS 0x0000000087b00000, 0x0000000087b00000| Untracked 
|  92|0x0000000087c00000, 0x0000000087c00000, 0x0000000087d00000|  0%| F|  |TAMS 0x0000000087c00000, 0x0000000087c00000| Untracked 
|  93|0x0000000087d00000, 0x0000000087d00000, 0x0000000087e00000|  0%| F|  |TAMS 0x0000000087d00000, 0x0000000087d00000| Untracked 
|  94|0x0000000087e00000, 0x0000000087e00000, 0x0000000087f00000|  0%| F|  |TAMS 0x0000000087e00000, 0x0000000087e00000| Untracked 
|  95|0x0000000087f00000, 0x0000000087f00000, 0x0000000088000000|  0%| F|  |TAMS 0x0000000087f00000, 0x0000000087f00000| Untracked 
|  96|0x0000000088000000, 0x0000000088000000, 0x0000000088100000|  0%| F|  |TAMS 0x0000000088000000, 0x0000000088000000| Untracked 
|  97|0x0000000088100000, 0x0000000088100000, 0x0000000088200000|  0%| F|  |TAMS 0x0000000088100000, 0x0000000088100000| Untracked 
|  98|0x0000000088200000, 0x0000000088200000, 0x0000000088300000|  0%| F|  |TAMS 0x0000000088200000, 0x0000000088200000| Untracked 
|  99|0x0000000088300000, 0x0000000088300000, 0x0000000088400000|  0%| F|  |TAMS 0x0000000088300000, 0x0000000088300000| Untracked 
| 100|0x0000000088400000, 0x0000000088400000, 0x0000000088500000|  0%| F|  |TAMS 0x0000000088400000, 0x0000000088400000| Untracked 
| 101|0x0000000088500000, 0x0000000088500000, 0x0000000088600000|  0%| F|  |TAMS 0x0000000088500000, 0x0000000088500000| Untracked 
| 102|0x0000000088600000, 0x0000000088600000, 0x0000000088700000|  0%| F|  |TAMS 0x0000000088600000, 0x0000000088600000| Untracked 
| 103|0x0000000088700000, 0x0000000088700000, 0x0000000088800000|  0%| F|  |TAMS 0x0000000088700000, 0x0000000088700000| Untracked 
| 104|0x0000000088800000, 0x0000000088800000, 0x0000000088900000|  0%| F|  |TAMS 0x0000000088800000, 0x0000000088800000| Untracked 
| 105|0x0000000088900000, 0x0000000088900000, 0x0000000088a00000|  0%| F|  |TAMS 0x0000000088900000, 0x0000000088900000| Untracked 
| 106|0x0000000088a00000, 0x0000000088a00000, 0x0000000088b00000|  0%| F|  |TAMS 0x0000000088a00000, 0x0000000088a00000| Untracked 
| 107|0x0000000088b00000, 0x0000000088b00000, 0x0000000088c00000|  0%| F|  |TAMS 0x0000000088b00000, 0x0000000088b00000| Untracked 
| 108|0x0000000088c00000, 0x0000000088c00000, 0x0000000088d00000|  0%| F|  |TAMS 0x0000000088c00000, 0x0000000088c00000| Untracked 
| 109|0x0000000088d00000, 0x0000000088d00000, 0x0000000088e00000|  0%| F|  |TAMS 0x0000000088d00000, 0x0000000088d00000| Untracked 
| 110|0x0000000088e00000, 0x0000000088e00000, 0x0000000088f00000|  0%| F|  |TAMS 0x0000000088e00000, 0x0000000088e00000| Untracked 
| 111|0x0000000088f00000, 0x0000000088f00000, 0x0000000089000000|  0%| F|  |TAMS 0x0000000088f00000, 0x0000000088f00000| Untracked 
| 112|0x0000000089000000, 0x0000000089000000, 0x0000000089100000|  0%| F|  |TAMS 0x0000000089000000, 0x0000000089000000| Untracked 
| 113|0x0000000089100000, 0x0000000089100000, 0x0000000089200000|  0%| F|  |TAMS 0x0000000089100000, 0x0000000089100000| Untracked 
| 114|0x0000000089200000, 0x0000000089200000, 0x0000000089300000|  0%| F|  |TAMS 0x0000000089200000, 0x0000000089200000| Untracked 
| 115|0x0000000089300000, 0x0000000089300000, 0x0000000089400000|  0%| F|  |TAMS 0x0000000089300000, 0x0000000089300000| Untracked 
| 116|0x0000000089400000, 0x0000000089400000, 0x0000000089500000|  0%| F|  |TAMS 0x0000000089400000, 0x0000000089400000| Untracked 
| 117|0x0000000089500000, 0x00000000895ee5e8, 0x0000000089600000| 93%| E|  |TAMS 0x0000000089500000, 0x0000000089500000| Complete 
| 118|0x0000000089600000, 0x0000000089700000, 0x0000000089700000|100%| E|CS|TAMS 0x0000000089600000, 0x0000000089600000| Complete 
| 119|0x0000000089700000, 0x0000000089800000, 0x0000000089800000|100%| E|CS|TAMS 0x0000000089700000, 0x0000000089700000| Complete 
| 120|0x0000000089800000, 0x0000000089900000, 0x0000000089900000|100%| E|CS|TAMS 0x0000000089800000, 0x0000000089800000| Complete 
| 121|0x0000000089900000, 0x0000000089a00000, 0x0000000089a00000|100%| E|CS|TAMS 0x0000000089900000, 0x0000000089900000| Complete 
| 122|0x0000000089a00000, 0x0000000089b00000, 0x0000000089b00000|100%| E|CS|TAMS 0x0000000089a00000, 0x0000000089a00000| Complete 
| 123|0x0000000089b00000, 0x0000000089c00000, 0x0000000089c00000|100%| E|CS|TAMS 0x0000000089b00000, 0x0000000089b00000| Complete 
| 124|0x0000000089c00000, 0x0000000089d00000, 0x0000000089d00000|100%| E|CS|TAMS 0x0000000089c00000, 0x0000000089c00000| Complete 
| 125|0x0000000089d00000, 0x0000000089e00000, 0x0000000089e00000|100%| E|CS|TAMS 0x0000000089d00000, 0x0000000089d00000| Complete 

Card table byte_map: [0x0000021d92fe0000,0x0000021d933d0000] _byte_map_base: 0x0000021d92bd0000

Marking Bits (Prev, Next): (CMBitMap*) 0x0000021dfdc77b58, (CMBitMap*) 0x0000021dfdc77b98
 Prev Bits: [0x0000021d937c0000, 0x0000021d95740000)
 Next Bits: [0x0000021d95740000, 0x0000021d976c0000)

Polling page: 0x0000021dfdd10000

Metaspace:

Usage:
  Non-class:      6.91 MB capacity,     6.79 MB ( 98%) used,   109.66 KB (  2%) free+waste,    12.81 KB ( <1%) overhead. 
      Class:    807.00 KB capacity,   733.27 KB ( 91%) used,    67.11 KB (  8%) free+waste,     6.63 KB ( <1%) overhead. 
       Both:      7.70 MB capacity,     7.51 MB ( 98%) used,   176.77 KB (  2%) free+waste,    19.44 KB ( <1%) overhead. 

Virtual space:
  Non-class space:        8.00 MB reserved,       7.00 MB ( 88%) committed 
      Class space:        1.00 GB reserved,     896.00 KB ( <1%) committed 
             Both:        1.01 GB reserved,       7.88 MB ( <1%) committed 

Chunk freelists:
   Non-Class:  26.00 KB
       Class:  0 bytes
        Both:  26.00 KB

MaxMetaspaceSize: 17179869184.00 GB
CompressedClassSpaceSize: 1.00 GB

CodeHeap 'non-profiled nmethods': size=120000Kb used=205Kb max_used=205Kb free=119794Kb
 bounds [0x0000021d8b6c0000, 0x0000021d8b930000, 0x0000021d92bf0000]
CodeHeap 'profiled nmethods': size=120000Kb used=776Kb max_used=776Kb free=119224Kb
 bounds [0x0000021d84190000, 0x0000021d84400000, 0x0000021d8b6c0000]
CodeHeap 'non-nmethods': size=5760Kb used=1134Kb max_used=1146Kb free=4626Kb
 bounds [0x0000021d83bf0000, 0x0000021d83e60000, 0x0000021d84190000]
 total_blobs=964 nmethods=585 adapters=292
 compilation: enabled
              stopped_count=0, restarted_count=0
 full_count=0

Compilation events (20 events):
Event: 0.448 Thread 0x0000021d9aa6a000  564       3       java.lang.invoke.LambdaForm$Name::<init> (44 bytes)
Event: 0.448 Thread 0x0000021d9aa6a000 nmethod 564 0x0000021d8424b290 code [0x0000021d8424b4a0, 0x0000021d8424ba48]
Event: 0.448 Thread 0x0000021d9aa6a000  565       3       java.lang.invoke.LambdaForm$NamedFunction::returnType (11 bytes)
Event: 0.448 Thread 0x0000021d9aa6a000 nmethod 565 0x0000021d8424bd10 code [0x0000021d8424bf00, 0x0000021d8424c368]
Event: 0.448 Thread 0x0000021d9aa6a000  556       1       java.lang.invoke.LambdaForm$NamedFunction::intrinsicName (5 bytes)
Event: 0.448 Thread 0x0000021d9aa6a000 nmethod 556 0x0000021d8b6f2b10 code [0x0000021d8b6f2ca0, 0x0000021d8b6f2d58]
Event: 0.448 Thread 0x0000021d9aa6a000  570       3       jdk.internal.org.objectweb.asm.Frame::pop (42 bytes)
Event: 0.448 Thread 0x0000021d9aa6a000 nmethod 570 0x0000021d8424c590 code [0x0000021d8424c720, 0x0000021d8424c8b8]
Event: 0.448 Thread 0x0000021d9aa6a000  563       1       java.lang.invoke.DirectMethodHandle::internalMemberName (5 bytes)
Event: 0.448 Thread 0x0000021d9aa6a000 nmethod 563 0x0000021d8b6f2e10 code [0x0000021d8b6f2fa0, 0x0000021d8b6f3058]
Event: 0.449 Thread 0x0000021d9aa6a000  573       3       java.util.ArrayDeque::inc (12 bytes)
Event: 0.449 Thread 0x0000021d9aa6a000 nmethod 573 0x0000021d8424c990 code [0x0000021d8424cb20, 0x0000021d8424cc38]
Event: 0.456 Thread 0x0000021d9aa6a000  574       3       java.lang.invoke.DirectMethodHandle::internalMemberName (8 bytes)
Event: 0.456 Thread 0x0000021d9aa6a000 nmethod 574 0x0000021d8424cd10 code [0x0000021d8424cea0, 0x0000021d8424d078]
Event: 0.465 Thread 0x0000021d9aa6a000  575       1       java.io.File::getPath (5 bytes)
Event: 0.465 Thread 0x0000021d9aa6a000 nmethod 575 0x0000021d8b6f3110 code [0x0000021d8b6f32a0, 0x0000021d8b6f3358]
Event: 0.491 Thread 0x0000021d9aa6a000  576       3       java.lang.StringLatin1::inflate (34 bytes)
Event: 0.491 Thread 0x0000021d9aa6a000 nmethod 576 0x0000021d8424d190 code [0x0000021d8424d340, 0x0000021d8424d538]
Event: 0.493 Thread 0x0000021d9aa6a000  577       3       java.io.WinNTFileSystem::normalize (143 bytes)
Event: 0.494 Thread 0x0000021d9aa6a000 nmethod 577 0x0000021d8424d690 code [0x0000021d8424d900, 0x0000021d8424e458]

GC Heap History (0 events):
No events

Deoptimization events (20 events):
Event: 0.294 Thread 0x0000021dfdc32800 DEOPT PACKING pc=0x0000021d841d6450 sp=0x000000931d2fdb50
Event: 0.294 Thread 0x0000021dfdc32800 DEOPT UNPACKING pc=0x0000021d83c3964e sp=0x000000931d2fcfd8 mode 0
Event: 0.295 Thread 0x0000021dfdc32800 DEOPT PACKING pc=0x0000021d841d6450 sp=0x000000931d2fdb50
Event: 0.295 Thread 0x0000021dfdc32800 DEOPT UNPACKING pc=0x0000021d83c3964e sp=0x000000931d2fcfd8 mode 0
Event: 0.295 Thread 0x0000021dfdc32800 DEOPT PACKING pc=0x0000021d841d6450 sp=0x000000931d2fdb50
Event: 0.295 Thread 0x0000021dfdc32800 DEOPT UNPACKING pc=0x0000021d83c3964e sp=0x000000931d2fcfd8 mode 0
Event: 0.296 Thread 0x0000021dfdc32800 DEOPT PACKING pc=0x0000021d841d6450 sp=0x000000931d2fdb50
Event: 0.296 Thread 0x0000021dfdc32800 DEOPT UNPACKING pc=0x0000021d83c3964e sp=0x000000931d2fcfd8 mode 0
Event: 0.296 Thread 0x0000021dfdc32800 DEOPT PACKING pc=0x0000021d841d6450 sp=0x000000931d2fdb50
Event: 0.296 Thread 0x0000021dfdc32800 DEOPT UNPACKING pc=0x0000021d83c3964e sp=0x000000931d2fcfd8 mode 0
Event: 0.297 Thread 0x0000021dfdc32800 DEOPT PACKING pc=0x0000021d841d6450 sp=0x000000931d2fdb50
Event: 0.297 Thread 0x0000021dfdc32800 DEOPT UNPACKING pc=0x0000021d83c3964e sp=0x000000931d2fcfd8 mode 0
Event: 0.314 Thread 0x0000021dfdc32800 Uncommon trap: trap_request=0xffffff45 fr.pc=0x0000021d8b6d4e20 relative=0x0000000000000640
Event: 0.314 Thread 0x0000021dfdc32800 Uncommon trap: reason=unstable_if action=reinterpret pc=0x0000021d8b6d4e20 method=java.util.ImmutableCollections$SetN.probe(Ljava/lang/Object;)I @ 34 c2
Event: 0.314 Thread 0x0000021dfdc32800 DEOPT PACKING pc=0x0000021d8b6d4e20 sp=0x000000931d2feaa0
Event: 0.314 Thread 0x0000021dfdc32800 DEOPT UNPACKING pc=0x0000021d83c3912f sp=0x000000931d2fea40 mode 2
Event: 0.344 Thread 0x0000021dfdc32800 Uncommon trap: trap_request=0xffffff45 fr.pc=0x0000021d8b6c58b0 relative=0x0000000000000070
Event: 0.344 Thread 0x0000021dfdc32800 Uncommon trap: reason=unstable_if action=reinterpret pc=0x0000021d8b6c58b0 method=java.lang.String.isLatin1()Z @ 10 c2
Event: 0.344 Thread 0x0000021dfdc32800 DEOPT PACKING pc=0x0000021d8b6c58b0 sp=0x000000931d2fed00
Event: 0.344 Thread 0x0000021dfdc32800 DEOPT UNPACKING pc=0x0000021d83c3912f sp=0x000000931d2fec40 mode 2

Classes unloaded (0 events):
No events

Classes redefined (0 events):
No events

Internal exceptions (4 events):
Event: 0.202 Thread 0x0000021dfdc32800 Exception <a 'java/lang/NoSuchMethodError'{0x0000000089dbb9a8}: 'void java.lang.invoke.DirectMethodHandle$Holder.invokeSpecial(java.lang.Object, java.lang.Object, java.lang.Object, java.lang.Object)'> (0x0000000089dbb9a8) 
thrown [./open/src/hotspot/share/interpreter/linkResolver.cpp, line 766]
Event: 0.220 Thread 0x0000021dfdc32800 Exception <a 'sun/nio/fs/WindowsException'{0x0000000089dd5b78}> (0x0000000089dd5b78) 
thrown [./open/src/hotspot/share/prims/jni.cpp, line 599]
Event: 0.221 Thread 0x0000021dfdc32800 Exception <a 'sun/nio/fs/WindowsException'{0x0000000089dd6100}> (0x0000000089dd6100) 
thrown [./open/src/hotspot/share/prims/jni.cpp, line 599]
Event: 0.237 Thread 0x0000021dfdc32800 Exception <a 'java/lang/NoSuchMethodError'{0x0000000089c04a38}: 'int java.lang.invoke.DirectMethodHandle$Holder.invokeSpecialIFC(java.lang.Object, java.lang.Object, int)'> (0x0000000089c04a38) 
thrown [./open/src/hotspot/share/interpreter/linkResolver.cpp, line 766]

Events (20 events):
Event: 0.454 Loaded shared library C:\Users\julie\Downloads\openjfx-11.0.2_windows-x64_bin-sdk\javafx-sdk-11.0.2\bin\api-ms-win-core-debug-l1-1-0.dll
Event: 0.456 Loaded shared library C:\Users\julie\Downloads\openjfx-11.0.2_windows-x64_bin-sdk\javafx-sdk-11.0.2\bin\api-ms-win-core-errorhandling-l1-1-0.dll
Event: 0.458 Loaded shared library C:\Users\julie\Downloads\openjfx-11.0.2_windows-x64_bin-sdk\javafx-sdk-11.0.2\bin\api-ms-win-core-file-l1-1-0.dll
Event: 0.460 Loaded shared library C:\Users\julie\Downloads\openjfx-11.0.2_windows-x64_bin-sdk\javafx-sdk-11.0.2\bin\api-ms-win-core-file-l1-2-0.dll
Event: 0.464 Loaded shared library C:\Users\julie\Downloads\openjfx-11.0.2_windows-x64_bin-sdk\javafx-sdk-11.0.2\bin\api-ms-win-core-file-l2-1-0.dll
Event: 0.467 Loaded shared library C:\Users\julie\Downloads\openjfx-11.0.2_windows-x64_bin-sdk\javafx-sdk-11.0.2\bin\api-ms-win-core-handle-l1-1-0.dll
Event: 0.469 Loaded shared library C:\Users\julie\Downloads\openjfx-11.0.2_windows-x64_bin-sdk\javafx-sdk-11.0.2\bin\api-ms-win-core-heap-l1-1-0.dll
Event: 0.471 Loaded shared library C:\Users\julie\Downloads\openjfx-11.0.2_windows-x64_bin-sdk\javafx-sdk-11.0.2\bin\api-ms-win-core-interlocked-l1-1-0.dll
Event: 0.473 Loaded shared library C:\Users\julie\Downloads\openjfx-11.0.2_windows-x64_bin-sdk\javafx-sdk-11.0.2\bin\api-ms-win-core-libraryloader-l1-1-0.dll
Event: 0.475 Loaded shared library C:\Users\julie\Downloads\openjfx-11.0.2_windows-x64_bin-sdk\javafx-sdk-11.0.2\bin\api-ms-win-core-localization-l1-2-0.dll
Event: 0.478 Loaded shared library C:\Users\julie\Downloads\openjfx-11.0.2_windows-x64_bin-sdk\javafx-sdk-11.0.2\bin\api-ms-win-core-memory-l1-1-0.dll
Event: 0.479 Loaded shared library C:\Users\julie\Downloads\openjfx-11.0.2_windows-x64_bin-sdk\javafx-sdk-11.0.2\bin\api-ms-win-core-namedpipe-l1-1-0.dll
Event: 0.481 Loaded shared library C:\Users\julie\Downloads\openjfx-11.0.2_windows-x64_bin-sdk\javafx-sdk-11.0.2\bin\api-ms-win-core-processenvironment-l1-1-0.dll
Event: 0.483 Loaded shared library C:\Users\julie\Downloads\openjfx-11.0.2_windows-x64_bin-sdk\javafx-sdk-11.0.2\bin\api-ms-win-core-processthreads-l1-1-0.dll
Event: 0.485 Loaded shared library C:\Users\julie\Downloads\openjfx-11.0.2_windows-x64_bin-sdk\javafx-sdk-11.0.2\bin\api-ms-win-core-processthreads-l1-1-1.dll
Event: 0.487 Loaded shared library C:\Users\julie\Downloads\openjfx-11.0.2_windows-x64_bin-sdk\javafx-sdk-11.0.2\bin\api-ms-win-core-profile-l1-1-0.dll
Event: 0.488 Loaded shared library C:\Users\julie\Downloads\openjfx-11.0.2_windows-x64_bin-sdk\javafx-sdk-11.0.2\bin\api-ms-win-core-rtlsupport-l1-1-0.dll
Event: 0.490 Loaded shared library C:\Users\julie\Downloads\openjfx-11.0.2_windows-x64_bin-sdk\javafx-sdk-11.0.2\bin\api-ms-win-core-string-l1-1-0.dll
Event: 0.493 Loaded shared library C:\Users\julie\Downloads\openjfx-11.0.2_windows-x64_bin-sdk\javafx-sdk-11.0.2\bin\api-ms-win-core-synch-l1-1-0.dll
Event: 0.495 Loaded shared library C:\Users\julie\Downloads\openjfx-11.0.2_windows-x64_bin-sdk\javafx-sdk-11.0.2\bin\api-ms-win-core-synch-l1-2-0.dll


Dynamic libraries:
0x00007ff6f27b0000 - 0x00007ff6f27bd000 	C:\Users\julie\.p2\pool\plugins\org.eclipse.justj.openjdk.hotspot.jre.full.win32.x86_64_14.0.2.v20200815-0932\jre\bin\javaw.exe
0x00007ffc547d0000 - 0x00007ffc549c5000 	C:\WINDOWS\SYSTEM32\ntdll.dll
0x00007ffc2a4a0000 - 0x00007ffc2a4b3000 	C:\Program Files\AVG\Antivirus\aswhook.dll
0x00007ffc53b90000 - 0x00007ffc53c4d000 	C:\WINDOWS\System32\KERNEL32.DLL
0x00007ffc52560000 - 0x00007ffc52828000 	C:\WINDOWS\System32\KERNELBASE.dll
0x00007ffc520e0000 - 0x00007ffc521e0000 	C:\WINDOWS\System32\ucrtbase.dll
0x00007ffc4d2b0000 - 0x00007ffc4d2c8000 	C:\Users\julie\.p2\pool\plugins\org.eclipse.justj.openjdk.hotspot.jre.full.win32.x86_64_14.0.2.v20200815-0932\jre\bin\jli.dll
0x00007ffc4d290000 - 0x00007ffc4d2a5000 	C:\Users\julie\.p2\pool\plugins\org.eclipse.justj.openjdk.hotspot.jre.full.win32.x86_64_14.0.2.v20200815-0932\jre\bin\VCRUNTIME140.dll
0x00007ffc53c50000 - 0x00007ffc53df0000 	C:\WINDOWS\System32\USER32.dll
0x00007ffc52420000 - 0x00007ffc52442000 	C:\WINDOWS\System32\win32u.dll
0x00007ffc36c40000 - 0x00007ffc36eda000 	C:\WINDOWS\WinSxS\amd64_microsoft.windows.common-controls_6595b64144ccf1df_6.0.19041.844_none_ca00b6081b84eb1d\COMCTL32.dll
0x00007ffc52dc0000 - 0x00007ffc52dea000 	C:\WINDOWS\System32\GDI32.dll
0x00007ffc53a90000 - 0x00007ffc53b2e000 	C:\WINDOWS\System32\msvcrt.dll
0x00007ffc52450000 - 0x00007ffc5255b000 	C:\WINDOWS\System32\gdi32full.dll
0x00007ffc52040000 - 0x00007ffc520dd000 	C:\WINDOWS\System32\msvcp_win.dll
0x00007ffc52ce0000 - 0x00007ffc52d10000 	C:\WINDOWS\System32\IMM32.DLL
0x00007ffc19ca0000 - 0x00007ffc19d3b000 	C:\Users\julie\.p2\pool\plugins\org.eclipse.justj.openjdk.hotspot.jre.full.win32.x86_64_14.0.2.v20200815-0932\jre\bin\msvcp140.dll
0x00007ffbfbfc0000 - 0x00007ffbfcade000 	C:\Users\julie\.p2\pool\plugins\org.eclipse.justj.openjdk.hotspot.jre.full.win32.x86_64_14.0.2.v20200815-0932\jre\bin\server\jvm.dll
0x00007ffc546e0000 - 0x00007ffc5478c000 	C:\WINDOWS\System32\ADVAPI32.dll
0x00007ffc52fd0000 - 0x00007ffc5306b000 	C:\WINDOWS\System32\sechost.dll
0x00007ffc53960000 - 0x00007ffc53a8b000 	C:\WINDOWS\System32\RPCRT4.dll
0x00007ffc52f50000 - 0x00007ffc52f58000 	C:\WINDOWS\System32\PSAPI.DLL
0x00007ffc45900000 - 0x00007ffc45927000 	C:\WINDOWS\SYSTEM32\WINMM.dll
0x00007ffc3e880000 - 0x00007ffc3e889000 	C:\WINDOWS\SYSTEM32\WSOCK32.dll
0x00007ffc4c220000 - 0x00007ffc4c22a000 	C:\WINDOWS\SYSTEM32\VERSION.dll
0x00007ffc52b90000 - 0x00007ffc52bfb000 	C:\WINDOWS\System32\WS2_32.dll
0x00007ffc4fd70000 - 0x00007ffc4fd82000 	C:\WINDOWS\SYSTEM32\kernel.appcore.dll
0x00007ffc4d490000 - 0x00007ffc4d49a000 	C:\Users\julie\.p2\pool\plugins\org.eclipse.justj.openjdk.hotspot.jre.full.win32.x86_64_14.0.2.v20200815-0932\jre\bin\jimage.dll
0x00007ffc4afe0000 - 0x00007ffc4b1c4000 	C:\WINDOWS\SYSTEM32\DBGHELP.DLL
0x00007ffc4abf0000 - 0x00007ffc4ac1c000 	C:\WINDOWS\SYSTEM32\dbgcore.DLL
0x00007ffc51f10000 - 0x00007ffc51f90000 	C:\WINDOWS\System32\bcryptPrimitives.dll
0x00007ffc4cc50000 - 0x00007ffc4cc75000 	C:\Users\julie\.p2\pool\plugins\org.eclipse.justj.openjdk.hotspot.jre.full.win32.x86_64_14.0.2.v20200815-0932\jre\bin\java.dll
0x00007ffc4c720000 - 0x00007ffc4c736000 	C:\Users\julie\.p2\pool\plugins\org.eclipse.justj.openjdk.hotspot.jre.full.win32.x86_64_14.0.2.v20200815-0932\jre\bin\zip.dll
0x00007ffc53f80000 - 0x00007ffc546c2000 	C:\WINDOWS\System32\SHELL32.dll
0x00007ffc50050000 - 0x00007ffc507e1000 	C:\WINDOWS\SYSTEM32\windows.storage.dll
0x00007ffc53070000 - 0x00007ffc533c5000 	C:\WINDOWS\System32\combase.dll
0x00007ffc518b0000 - 0x00007ffc518dc000 	C:\WINDOWS\SYSTEM32\Wldp.dll
0x00007ffc52d10000 - 0x00007ffc52dbe000 	C:\WINDOWS\System32\SHCORE.dll
0x00007ffc52f60000 - 0x00007ffc52fb5000 	C:\WINDOWS\System32\shlwapi.dll
0x00007ffc51e50000 - 0x00007ffc51e6f000 	C:\WINDOWS\SYSTEM32\profapi.dll
0x00007ffc4a270000 - 0x00007ffc4a289000 	C:\Users\julie\.p2\pool\plugins\org.eclipse.justj.openjdk.hotspot.jre.full.win32.x86_64_14.0.2.v20200815-0932\jre\bin\net.dll
0x00007ffc4a4a0000 - 0x00007ffc4a5ab000 	C:\WINDOWS\SYSTEM32\WINHTTP.dll
0x00007ffc51620000 - 0x00007ffc5168a000 	C:\WINDOWS\system32\mswsock.dll
0x00007ffc485d0000 - 0x00007ffc485e2000 	C:\Users\julie\.p2\pool\plugins\org.eclipse.justj.openjdk.hotspot.jre.full.win32.x86_64_14.0.2.v20200815-0932\jre\bin\nio.dll
0x0000021dfdd50000 - 0x0000021dfdd53000 	C:\Users\julie\Downloads\openjfx-11.0.2_windows-x64_bin-sdk\javafx-sdk-11.0.2\bin\api-ms-win-core-console-l1-1-0.dll
0x0000021dfff80000 - 0x0000021dfff83000 	C:\Users\julie\Downloads\openjfx-11.0.2_windows-x64_bin-sdk\javafx-sdk-11.0.2\bin\api-ms-win-core-datetime-l1-1-0.dll
0x0000021dfff90000 - 0x0000021dfff93000 	C:\Users\julie\Downloads\openjfx-11.0.2_windows-x64_bin-sdk\javafx-sdk-11.0.2\bin\api-ms-win-core-debug-l1-1-0.dll
0x0000021dfffa0000 - 0x0000021dfffa3000 	C:\Users\julie\Downloads\openjfx-11.0.2_windows-x64_bin-sdk\javafx-sdk-11.0.2\bin\api-ms-win-core-errorhandling-l1-1-0.dll
0x0000021dfffb0000 - 0x0000021dfffb4000 	C:\Users\julie\Downloads\openjfx-11.0.2_windows-x64_bin-sdk\javafx-sdk-11.0.2\bin\api-ms-win-core-file-l1-1-0.dll
0x0000021dfffc0000 - 0x0000021dfffc3000 	C:\Users\julie\Downloads\openjfx-11.0.2_windows-x64_bin-sdk\javafx-sdk-11.0.2\bin\api-ms-win-core-file-l1-2-0.dll
0x0000021dfffd0000 - 0x0000021dfffd3000 	C:\Users\julie\Downloads\openjfx-11.0.2_windows-x64_bin-sdk\javafx-sdk-11.0.2\bin\api-ms-win-core-file-l2-1-0.dll
0x0000021dfffe0000 - 0x0000021dfffe3000 	C:\Users\julie\Downloads\openjfx-11.0.2_windows-x64_bin-sdk\javafx-sdk-11.0.2\bin\api-ms-win-core-handle-l1-1-0.dll
0x0000021dffff0000 - 0x0000021dffff3000 	C:\Users\julie\Downloads\openjfx-11.0.2_windows-x64_bin-sdk\javafx-sdk-11.0.2\bin\api-ms-win-core-heap-l1-1-0.dll
0x0000021d9c6e0000 - 0x0000021d9c6e3000 	C:\Users\julie\Downloads\openjfx-11.0.2_windows-x64_bin-sdk\javafx-sdk-11.0.2\bin\api-ms-win-core-interlocked-l1-1-0.dll
0x0000021d9c6f0000 - 0x0000021d9c6f3000 	C:\Users\julie\Downloads\openjfx-11.0.2_windows-x64_bin-sdk\javafx-sdk-11.0.2\bin\api-ms-win-core-libraryloader-l1-1-0.dll
0x0000021d9c700000 - 0x0000021d9c703000 	C:\Users\julie\Downloads\openjfx-11.0.2_windows-x64_bin-sdk\javafx-sdk-11.0.2\bin\api-ms-win-core-localization-l1-2-0.dll
0x0000021d9c710000 - 0x0000021d9c713000 	C:\Users\julie\Downloads\openjfx-11.0.2_windows-x64_bin-sdk\javafx-sdk-11.0.2\bin\api-ms-win-core-memory-l1-1-0.dll
0x0000021d9c720000 - 0x0000021d9c723000 	C:\Users\julie\Downloads\openjfx-11.0.2_windows-x64_bin-sdk\javafx-sdk-11.0.2\bin\api-ms-win-core-namedpipe-l1-1-0.dll
0x0000021d9c730000 - 0x0000021d9c733000 	C:\Users\julie\Downloads\openjfx-11.0.2_windows-x64_bin-sdk\javafx-sdk-11.0.2\bin\api-ms-win-core-processenvironment-l1-1-0.dll
0x0000021d9c740000 - 0x0000021d9c743000 	C:\Users\julie\Downloads\openjfx-11.0.2_windows-x64_bin-sdk\javafx-sdk-11.0.2\bin\api-ms-win-core-processthreads-l1-1-0.dll
0x0000021d9c750000 - 0x0000021d9c753000 	C:\Users\julie\Downloads\openjfx-11.0.2_windows-x64_bin-sdk\javafx-sdk-11.0.2\bin\api-ms-win-core-processthreads-l1-1-1.dll
0x0000021d9c760000 - 0x0000021d9c763000 	C:\Users\julie\Downloads\openjfx-11.0.2_windows-x64_bin-sdk\javafx-sdk-11.0.2\bin\api-ms-win-core-profile-l1-1-0.dll
0x0000021d9c770000 - 0x0000021d9c773000 	C:\Users\julie\Downloads\openjfx-11.0.2_windows-x64_bin-sdk\javafx-sdk-11.0.2\bin\api-ms-win-core-rtlsupport-l1-1-0.dll
0x0000021d9c780000 - 0x0000021d9c783000 	C:\Users\julie\Downloads\openjfx-11.0.2_windows-x64_bin-sdk\javafx-sdk-11.0.2\bin\api-ms-win-core-string-l1-1-0.dll
0x0000021d9c790000 - 0x0000021d9c793000 	C:\Users\julie\Downloads\openjfx-11.0.2_windows-x64_bin-sdk\javafx-sdk-11.0.2\bin\api-ms-win-core-synch-l1-1-0.dll
0x0000021d9c7a0000 - 0x0000021d9c7a3000 	C:\Users\julie\Downloads\openjfx-11.0.2_windows-x64_bin-sdk\javafx-sdk-11.0.2\bin\api-ms-win-core-synch-l1-2-0.dll
0x0000021d9c7b0000 - 0x0000021d9c7b3000 	C:\Users\julie\Downloads\openjfx-11.0.2_windows-x64_bin-sdk\javafx-sdk-11.0.2\bin\api-ms-win-core-sysinfo-l1-1-0.dll
0x0000021d9c7c0000 - 0x0000021d9c7c3000 	C:\Users\julie\Downloads\openjfx-11.0.2_windows-x64_bin-sdk\javafx-sdk-11.0.2\bin\api-ms-win-core-timezone-l1-1-0.dll
0x0000021d9c7d0000 - 0x0000021d9c7d3000 	C:\Users\julie\Downloads\openjfx-11.0.2_windows-x64_bin-sdk\javafx-sdk-11.0.2\bin\api-ms-win-core-util-l1-1-0.dll
0x0000021d9c7e0000 - 0x0000021d9c7e3000 	C:\Users\julie\Downloads\openjfx-11.0.2_windows-x64_bin-sdk\javafx-sdk-11.0.2\bin\api-ms-win-crt-conio-l1-1-0.dll
0x0000021d9c7f0000 - 0x0000021d9c7f4000 	C:\Users\julie\Downloads\openjfx-11.0.2_windows-x64_bin-sdk\javafx-sdk-11.0.2\bin\api-ms-win-crt-convert-l1-1-0.dll
0x0000021d9c800000 - 0x0000021d9c803000 	C:\Users\julie\Downloads\openjfx-11.0.2_windows-x64_bin-sdk\javafx-sdk-11.0.2\bin\api-ms-win-crt-environment-l1-1-0.dll
0x0000021d9c810000 - 0x0000021d9c813000 	C:\Users\julie\Downloads\openjfx-11.0.2_windows-x64_bin-sdk\javafx-sdk-11.0.2\bin\api-ms-win-crt-filesystem-l1-1-0.dll
0x0000021d9c820000 - 0x0000021d9c823000 	C:\Users\julie\Downloads\openjfx-11.0.2_windows-x64_bin-sdk\javafx-sdk-11.0.2\bin\api-ms-win-crt-heap-l1-1-0.dll
0x0000021d9c830000 - 0x0000021d9c833000 	C:\Users\julie\Downloads\openjfx-11.0.2_windows-x64_bin-sdk\javafx-sdk-11.0.2\bin\api-ms-win-crt-locale-l1-1-0.dll
0x0000021d9c840000 - 0x0000021d9c845000 	C:\Users\julie\Downloads\openjfx-11.0.2_windows-x64_bin-sdk\javafx-sdk-11.0.2\bin\api-ms-win-crt-math-l1-1-0.dll
0x0000021d9c850000 - 0x0000021d9c855000 	C:\Users\julie\Downloads\openjfx-11.0.2_windows-x64_bin-sdk\javafx-sdk-11.0.2\bin\api-ms-win-crt-multibyte-l1-1-0.dll
0x0000021d9c860000 - 0x0000021d9c870000 	C:\Users\julie\Downloads\openjfx-11.0.2_windows-x64_bin-sdk\javafx-sdk-11.0.2\bin\api-ms-win-crt-private-l1-1-0.dll
0x0000021d9c870000 - 0x0000021d9c873000 	C:\Users\julie\Downloads\openjfx-11.0.2_windows-x64_bin-sdk\javafx-sdk-11.0.2\bin\api-ms-win-crt-process-l1-1-0.dll
0x0000021d9c880000 - 0x0000021d9c884000 	C:\Users\julie\Downloads\openjfx-11.0.2_windows-x64_bin-sdk\javafx-sdk-11.0.2\bin\api-ms-win-crt-runtime-l1-1-0.dll
0x0000021d9c890000 - 0x0000021d9c894000 	C:\Users\julie\Downloads\openjfx-11.0.2_windows-x64_bin-sdk\javafx-sdk-11.0.2\bin\api-ms-win-crt-stdio-l1-1-0.dll
0x0000021d9c8a0000 - 0x0000021d9c8a4000 	C:\Users\julie\Downloads\openjfx-11.0.2_windows-x64_bin-sdk\javafx-sdk-11.0.2\bin\api-ms-win-crt-string-l1-1-0.dll
0x0000021d9c8b0000 - 0x0000021d9c8b3000 	C:\Users\julie\Downloads\openjfx-11.0.2_windows-x64_bin-sdk\javafx-sdk-11.0.2\bin\api-ms-win-crt-time-l1-1-0.dll
0x0000021d9c8c0000 - 0x0000021d9c8c3000 	C:\Users\julie\Downloads\openjfx-11.0.2_windows-x64_bin-sdk\javafx-sdk-11.0.2\bin\api-ms-win-crt-utility-l1-1-0.dll
0x00007ffc18f60000 - 0x00007ffc1905a000 	C:\Users\julie\Downloads\openjfx-11.0.2_windows-x64_bin-sdk\javafx-sdk-11.0.2\bin\ucrtbase.dll
0x00007ffc4cce0000 - 0x00007ffc4ccf6000 	C:\Users\julie\Downloads\openjfx-11.0.2_windows-x64_bin-sdk\javafx-sdk-11.0.2\bin\vcruntime140.dll
0x00007ffc19530000 - 0x00007ffc195d6000 	C:\Users\julie\Downloads\openjfx-11.0.2_windows-x64_bin-sdk\javafx-sdk-11.0.2\bin\msvcp140.dll
0x00007ffc30650000 - 0x00007ffc306a1000 	C:\Users\julie\Downloads\openjfx-11.0.2_windows-x64_bin-sdk\javafx-sdk-11.0.2\bin\concrt140.dll

dbghelp: loaded successfully - version: 4.0.5 - missing functions: none
symbol engine: initialized successfully - sym options: 0x614 - pdb path: .;C:\Users\julie\.p2\pool\plugins\org.eclipse.justj.openjdk.hotspot.jre.full.win32.x86_64_14.0.2.v20200815-0932\jre\bin;C:\WINDOWS\SYSTEM32;C:\Program Files\AVG\Antivirus;C:\WINDOWS\WinSxS\amd64_microsoft.windows.common-controls_6595b64144ccf1df_6.0.19041.844_none_ca00b6081b84eb1d;C:\Users\julie\.p2\pool\plugins\org.eclipse.justj.openjdk.hotspot.jre.full.win32.x86_64_14.0.2.v20200815-0932\jre\bin\server;C:\Users\julie\Downloads\openjfx-11.0.2_windows-x64_bin-sdk\javafx-sdk-11.0.2\bin

VM Arguments:
jvm_args: --module-path=C:\Users\julie\Downloads\openjfx-11.0.2_windows-x64_bin-sdk\javafx-sdk-11.0.2\lib --add-modules=javafx.controls,javafx.fxml -Dfile.encoding=Cp1252 -XX:+ShowCodeDetailsInExceptionMessages 
java_command: commandLine.testJavaFX
java_class_path (initial): C:\Users\julie\git\personnel\Personnel\bin;C:\Users\julie\.p2\pool\plugins\org.junit.jupiter.api_5.7.1.v20210222-1948.jar;C:\Users\julie\.p2\pool\plugins\org.junit.jupiter.engine_5.7.1.v20210222-1948.jar;C:\Users\julie\.p2\pool\plugins\org.junit.jupiter.migrationsupport_5.7.1.v20210222-1948.jar;C:\Users\julie\.p2\pool\plugins\org.junit.jupiter.params_5.7.1.v20210222-1948.jar;C:\Users\julie\.p2\pool\plugins\org.junit.platform.commons_1.7.1.v20210222-1948.jar;C:\Users\julie\.p2\pool\plugins\org.junit.platform.engine_1.7.1.v20210222-1948.jar;C:\Users\julie\.p2\pool\plugins\org.junit.platform.launcher_1.7.1.v20210222-1948.jar;C:\Users\julie\.p2\pool\plugins\org.junit.platform.runner_1.7.1.v20210222-1948.jar;C:\Users\julie\.p2\pool\plugins\org.junit.platform.suite.api_1.7.1.v20210222-1948.jar;C:\Users\julie\.p2\pool\plugins\org.junit.vintage.engine_5.7.1.v20210222-1948.jar;C:\Users\julie\.p2\pool\plugins\org.opentest4j_1.2.0.v20190826-0900.jar;C:\Users\julie\.p2\pool\plugins\org.apiguardian_1.1.0.v20190826-0900.jar;C:\Users\julie\.p2\pool\plugins\org.junit_4.13.0.v20200204-1500.jar;C:\Users\julie\.p2\pool\plugins\org.hamcrest.core_1.3.0.v20180420-1519.jar;C:\Users\julie\OneDrive\Documents\CommandLine-master\CommandLine\bin;C:\Users\julie\git\personnel\Personnel\lib\mysql-connector-java-8.0.19.jar;C:\Users\julie\Downloads\openjfx-11.0.2_windows-x64_bin-sdk\javafx-sdk-11.0.2\lib\javafx.base.jar;C:\Users\julie\Downloads\openjfx-11.0.2_windows-x64_bin-sdk\javafx-sdk-11.0.2\lib\javafx.controls.jar;C:\Users\julie\Downloads\openjfx-11.0.2_windows-x64_bin-sdk\javafx-sdk-11.0.2\lib\javafx.fxml.jar;C:\Users\julie\Downloads\openjfx-11.0.2_windows-x64_bin-sdk\javafx-sdk-11.0.2\lib\javafx.graphics.jar;C:\Users\julie\Downloads\openjfx-11.0.2_windows-x64_bin-sdk\javafx-sdk-11.0.2\lib\javafx.media.jar;C:\Users\julie\Downloads\openjfx-11.0.2_windows-x64_bin-sdk\javafx-sdk-11.0.2\lib\javafx.swing.jar;C:\Users\julie\Downloads\openjfx-11.0.2_windows-x64_bin-sdk\
Launcher Type: SUN_STANDARD

[Global flags]
     intx CICompilerCount                          = 4                                         {product} {ergonomic}
     uint ConcGCThreads                            = 2                                         {product} {ergonomic}
     uint G1ConcRefinementThreads                  = 8                                         {product} {ergonomic}
   size_t G1HeapRegionSize                         = 1048576                                   {product} {ergonomic}
    uintx GCDrainStackTargetSize                   = 64                                        {product} {ergonomic}
   size_t InitialHeapSize                          = 132120576                                 {product} {ergonomic}
   size_t MarkStackSize                            = 4194304                                   {product} {ergonomic}
   size_t MaxHeapSize                              = 2113929216                                {product} {ergonomic}
   size_t MaxNewSize                               = 1267728384                                {product} {ergonomic}
   size_t MinHeapDeltaBytes                        = 1048576                                   {product} {ergonomic}
   size_t MinHeapSize                              = 8388608                                   {product} {ergonomic}
    uintx NonNMethodCodeHeapSize                   = 5839372                                {pd product} {ergonomic}
    uintx NonProfiledCodeHeapSize                  = 122909434                              {pd product} {ergonomic}
    uintx ProfiledCodeHeapSize                     = 122909434                              {pd product} {ergonomic}
    uintx ReservedCodeCacheSize                    = 251658240                              {pd product} {ergonomic}
     bool SegmentedCodeCache                       = true                                      {product} {ergonomic}
     bool ShowCodeDetailsInExceptionMessages       = true                                   {manageable} {command line}
   size_t SoftMaxHeapSize                          = 2113929216                             {manageable} {ergonomic}
     bool UseCompressedClassPointers               = true                                 {lp64_product} {ergonomic}
     bool UseCompressedOops                        = true                                 {lp64_product} {ergonomic}
     bool UseG1GC                                  = true                                      {product} {ergonomic}
     bool UseLargePagesIndividualAllocation        = false                                  {pd product} {ergonomic}

Logging:
Log output configuration:
 #0: stdout all=warning uptime,level,tags
 #1: stderr all=off uptime,level,tags

Environment Variables:
PATH=C:/Users/julie/.p2/pool/plugins/org.eclipse.justj.openjdk.hotspot.jre.full.win32.x86_64_14.0.2.v20200815-0932/jre/bin/server;C:/Users/julie/.p2/pool/plugins/org.eclipse.justj.openjdk.hotspot.jre.full.win32.x86_64_14.0.2.v20200815-0932/jre/bin;C:\WINDOWS\system32;C:\WINDOWS;C:\WINDOWS\System32\Wbem;C:\WINDOWS\System32\WindowsPowerShell\v1.0\;C:\WINDOWS\System32\OpenSSH\;C:\Program Files (x86)\AOMEI\AOMEI Backupper 6.1.0;C:\Program Files\Git\cmd;C:\wamp64\bin\php\php7.4.9\;C:\ProgramData\ComposerSetup\bin;C:\Users\julie\AppData\Local\Microsoft\WindowsApps;C:\Users\julie\AppData\Local\GitHubDesktop\bin;C:\Users\julie\AppData\Roaming\Composer\vendor\bin;C:\Users\julie\AppData\Local\Programs\Microsoft VS Code\bin;C:\WINDOWS\system32;
USERNAME=julie
OS=Windows_NT
PROCESSOR_IDENTIFIER=Intel64 Family 6 Model 158 Stepping 9, GenuineIntel



---------------  S Y S T E M  ---------------

OS: Windows 10 , 64 bit Build 19041 (10.0.19041.928)
OS uptime: 11 days 21:25 hours

CPU:total 8 (initial active 8) (4 cores per cpu, 2 threads per core) family 6 model 158 stepping 9, cmov, cx8, fxsr, mmx, sse, sse2, sse3, ssse3, sse4.1, sse4.2, popcnt, avx, avx2, aes, clmul, erms, 3dnowpref, lzcnt, ht, tsc, tscinvbit, bmi1, bmi2, adx, fma

Memory: 4k page, system-wide physical 8060M (527M free)
TotalPageFile size 32636M (AvailPageFile size 9M)
current process WorkingSet (physical memory assigned to process): 60M, peak: 60M
current process commit charge ("private bytes"): 220M, peak: 221M

vm_info: OpenJDK 64-Bit Server VM (14.0.2+12-46) for windows-amd64 JRE (14.0.2+12-46), built on Jul  9 2020 00:31:16 by "mach5one" with MS VC++ 15.9 (VS2017)

END.
